<?xml version="1.0" encoding="UTF-8"?>
<!-- Generated by org.testng.reporters.JUnitReportReporter -->
<testsuite skipped="0" hostname="NTINLTP2001285" name="Test_1" tests="1" failures="0" timestamp="22 Jul 2020 10:39:43 GMT" time="6.487" errors="0">
  <testcase name="Run" time="6.487" classname="Test_1"/>
</testsuite> <!-- Test_1 -->
