<?xml version="1.0" encoding="UTF-8"?>
<!-- Generated by org.testng.reporters.JUnitReportReporter -->
<testsuite skipped="0" hostname="NTINLTP2001285" name="Test_1" tests="1" failures="0" timestamp="23 Jul 2020 10:04:47 GMT" time="2.717" errors="0">
  <testcase name="GetAPI" time="2.717" classname="Test_1"/>
</testsuite> <!-- Test_1 -->
